Traceback (most recent call last):
  File "/home/labra/src/python/rudof/tutorials/.venv/lib/python3.12/site-packages/jupyter_core/utils/__init__.py", line 154, in wrapped
    asyncio.get_running_loop()
RuntimeError: no running event loop

During handling of the above exception, another exception occurred:

Traceback (most recent call last):
  File "/home/labra/src/python/rudof/tutorials/.venv/lib/python3.12/site-packages/jupyter_cache/executors/utils.py", line 58, in single_nb_execution
    executenb(
  File "/home/labra/src/python/rudof/tutorials/.venv/lib/python3.12/site-packages/nbclient/client.py", line 1319, in execute
    return NotebookClient(nb=nb, resources=resources, km=km, **kwargs).execute()
           ^^^^^^^^^^^^^^^^^^^^^^^^^^^^^^^^^^^^^^^^^^^^^^^^^^^^^^^^^^^^^^^^^^^^^
  File "/home/labra/src/python/rudof/tutorials/.venv/lib/python3.12/site-packages/jupyter_core/utils/__init__.py", line 158, in wrapped
    return loop.run_until_complete(inner)
           ^^^^^^^^^^^^^^^^^^^^^^^^^^^^^^
  File "/usr/lib/python3.12/asyncio/base_events.py", line 687, in run_until_complete
    return future.result()
           ^^^^^^^^^^^^^^^
  File "/home/labra/src/python/rudof/tutorials/.venv/lib/python3.12/site-packages/nbclient/client.py", line 709, in async_execute
    await self.async_execute_cell(
  File "/home/labra/src/python/rudof/tutorials/.venv/lib/python3.12/site-packages/nbclient/client.py", line 1062, in async_execute_cell
    await self._check_raise_for_error(cell, cell_index, exec_reply)
  File "/home/labra/src/python/rudof/tutorials/.venv/lib/python3.12/site-packages/nbclient/client.py", line 918, in _check_raise_for_error
    raise CellExecutionError.from_cell_and_msg(cell, exec_reply_content)
nbclient.exceptions.CellExecutionError: An error occurred while executing the following cell:
------------------
rudof.read_data_str("""
prefix : <http://example.org/>
prefix xsd: <http://www.w3.org/2001/XMLSchema#>
prefix rdf: <http://www.w3.org/1999/02/22-rdf-syntax-ns#>

:u a :Person     ;
   :name "Dave"  ;
   :knows :x, :y .
""", merge = True)
------------------


[31m---------------------------------------------------------------------------[39m
[31mTypeError[39m                                 Traceback (most recent call last)
[36mCell[39m[36m [39m[32mIn[20][39m[32m, line 1[39m
[32m----> [39m[32m1[39m [43mrudof[49m[43m.[49m[43mread_data_str[49m[43m([49m[33;43m"""[39;49m
[32m      2[39m [33;43mprefix : <http://example.org/>[39;49m
[32m      3[39m [33;43mprefix xsd: <http://www.w3.org/2001/XMLSchema#>[39;49m
[32m      4[39m [33;43mprefix rdf: <http://www.w3.org/1999/02/22-rdf-syntax-ns#>[39;49m
[32m      5[39m 
[32m      6[39m [33;43m:u a :Person     ;[39;49m
[32m      7[39m [33;43m   :name [39;49m[33;43m"[39;49m[33;43mDave[39;49m[33;43m"[39;49m[33;43m  ;[39;49m
[32m      8[39m [33;43m   :knows :x, :y .[39;49m
[32m      9[39m [33;43m"""[39;49m[43m,[49m[43m [49m[43mmerge[49m[43m [49m[43m=[49m[43m [49m[38;5;28;43;01mTrue[39;49;00m[43m)[49m

[31mTypeError[39m: Rudof.read_data_str() got an unexpected keyword argument 'merge'

