Traceback (most recent call last):
  File "/home/labra/src/python/rudof/tutorials/.venv/lib/python3.12/site-packages/jupyter_core/utils/__init__.py", line 154, in wrapped
    asyncio.get_running_loop()
RuntimeError: no running event loop

During handling of the above exception, another exception occurred:

Traceback (most recent call last):
  File "/home/labra/src/python/rudof/tutorials/.venv/lib/python3.12/site-packages/jupyter_cache/executors/utils.py", line 58, in single_nb_execution
    executenb(
  File "/home/labra/src/python/rudof/tutorials/.venv/lib/python3.12/site-packages/nbclient/client.py", line 1319, in execute
    return NotebookClient(nb=nb, resources=resources, km=km, **kwargs).execute()
           ^^^^^^^^^^^^^^^^^^^^^^^^^^^^^^^^^^^^^^^^^^^^^^^^^^^^^^^^^^^^^^^^^^^^^
  File "/home/labra/src/python/rudof/tutorials/.venv/lib/python3.12/site-packages/jupyter_core/utils/__init__.py", line 158, in wrapped
    return loop.run_until_complete(inner)
           ^^^^^^^^^^^^^^^^^^^^^^^^^^^^^^
  File "/usr/lib/python3.12/asyncio/base_events.py", line 687, in run_until_complete
    return future.result()
           ^^^^^^^^^^^^^^^
  File "/home/labra/src/python/rudof/tutorials/.venv/lib/python3.12/site-packages/nbclient/client.py", line 709, in async_execute
    await self.async_execute_cell(
  File "/home/labra/src/python/rudof/tutorials/.venv/lib/python3.12/site-packages/nbclient/client.py", line 1062, in async_execute_cell
    await self._check_raise_for_error(cell, cell_index, exec_reply)
  File "/home/labra/src/python/rudof/tutorials/.venv/lib/python3.12/site-packages/nbclient/client.py", line 918, in _check_raise_for_error
    raise CellExecutionError.from_cell_and_msg(cell, exec_reply_content)
nbclient.exceptions.CellExecutionError: An error occurred while executing the following cell:
------------------
# Configure entity distribution
# Control how many entities of each type are generated
distribution_config = pyrudof.GeneratorConfig()
distribution_config.set_entity_count(30)
distribution_config.set_output_path("/tmp/tutorial_distribution.ttl")
distribution_config.set_output_format(pyrudof.OutputFormat.Turtle)
distribution_config.set_write_stats(True)

# Set specific distribution: 70% Persons, 30% Courses
# This gives more control over the shape of your generated data
distribution_config.set_entity_distribution({
    "http://example.org/Person": 0.7,
    "http://example.org/Course": 0.3
})

print("âœ“ Entity distribution configuration:")
print(f"  Total entities: {distribution_config.get_entity_count()}")
print(f"  Distribution: 70% Person, 30% Course")
print(f"  Expected: ~21 Persons, ~9 Courses")

# Generate data with custom distribution
distribution_generator = pyrudof.DataGenerator(distribution_config)
distribution_generator.run(schema_path)

print("\nâœ“ Data generated with custom entity distribution")

# Verify the distribution in the generated data
with open("/tmp/tutorial_distribution.ttl", 'r') as f:
    distribution_output = f.read()

person_count = distribution_output.count('a <http://example.org/Person>')
course_count = distribution_output.count('a <http://example.org/Course>')

print(f"\nActual distribution:")
print(f"  Persons: {person_count}")
print(f"  Courses: {course_count}")
print(f"  Ratio: {person_count/(person_count+course_count):.1%} / {course_count/(person_count+course_count):.1%}")

# View statistics
stats_path = "/tmp/tutorial_distribution.stats.json"
if os.path.exists(stats_path):
    with open(stats_path, 'r') as f:
        stats = json.load(f)
    print(f"\nðŸ“Š Total triples generated: {stats.get('total_triples', 0)}")
------------------


[31m---------------------------------------------------------------------------[39m
[31mTypeError[39m                                 Traceback (most recent call last)
[36mCell[39m[36m [39m[32mIn[22][39m[32m, line 11[39m
[32m      7[39m distribution_config.set_write_stats([38;5;28;01mTrue[39;00m)
[32m      9[39m [38;5;66;03m# Set specific distribution: 70% Persons, 30% Courses[39;00m
[32m     10[39m [38;5;66;03m# This gives more control over the shape of your generated data[39;00m
[32m---> [39m[32m11[39m [43mdistribution_config[49m[43m.[49m[43mset_entity_distribution[49m[43m([49m[43m{[49m
[32m     12[39m [43m    [49m[33;43m"[39;49m[33;43mhttp://example.org/Person[39;49m[33;43m"[39;49m[43m:[49m[43m [49m[32;43m0.7[39;49m[43m,[49m
[32m     13[39m [43m    [49m[33;43m"[39;49m[33;43mhttp://example.org/Course[39;49m[33;43m"[39;49m[43m:[49m[43m [49m[32;43m0.3[39;49m
[32m     14[39m [43m}[49m[43m)[49m
[32m     16[39m [38;5;28mprint[39m([33m"[39m[33mâœ“ Entity distribution configuration:[39m[33m"[39m)
[32m     17[39m [38;5;28mprint[39m([33mf[39m[33m"[39m[33m  Total entities: [39m[38;5;132;01m{[39;00mdistribution_config.get_entity_count()[38;5;132;01m}[39;00m[33m"[39m)

[31mTypeError[39m: argument 'distribution': 'dict' object cannot be converted to 'EntityDistribution'

