Traceback (most recent call last):
  File "/home/labra/src/python/rudof/tutorials/.venv/lib/python3.12/site-packages/jupyter_core/utils/__init__.py", line 154, in wrapped
    asyncio.get_running_loop()
RuntimeError: no running event loop

During handling of the above exception, another exception occurred:

Traceback (most recent call last):
  File "/home/labra/src/python/rudof/tutorials/.venv/lib/python3.12/site-packages/jupyter_cache/executors/utils.py", line 58, in single_nb_execution
    executenb(
  File "/home/labra/src/python/rudof/tutorials/.venv/lib/python3.12/site-packages/nbclient/client.py", line 1319, in execute
    return NotebookClient(nb=nb, resources=resources, km=km, **kwargs).execute()
           ^^^^^^^^^^^^^^^^^^^^^^^^^^^^^^^^^^^^^^^^^^^^^^^^^^^^^^^^^^^^^^^^^^^^^
  File "/home/labra/src/python/rudof/tutorials/.venv/lib/python3.12/site-packages/jupyter_core/utils/__init__.py", line 158, in wrapped
    return loop.run_until_complete(inner)
           ^^^^^^^^^^^^^^^^^^^^^^^^^^^^^^
  File "/usr/lib/python3.12/asyncio/base_events.py", line 687, in run_until_complete
    return future.result()
           ^^^^^^^^^^^^^^^
  File "/home/labra/src/python/rudof/tutorials/.venv/lib/python3.12/site-packages/nbclient/client.py", line 709, in async_execute
    await self.async_execute_cell(
  File "/home/labra/src/python/rudof/tutorials/.venv/lib/python3.12/site-packages/nbclient/client.py", line 1062, in async_execute_cell
    await self._check_raise_for_error(cell, cell_index, exec_reply)
  File "/home/labra/src/python/rudof/tutorials/.venv/lib/python3.12/site-packages/nbclient/client.py", line 918, in _check_raise_for_error
    raise CellExecutionError.from_cell_and_msg(cell, exec_reply_content)
nbclient.exceptions.CellExecutionError: An error occurred while executing the following cell:
------------------
# Create a basic configuration
config = pyrudof.GeneratorConfig()

# Set the number of entities to generate
config.set_entity_count(10)

# Set output path
config.set_output_path("/tmp/tutorial_output.ttl")

# Set output format to Turtle (human-readable)
config.set_output_format(pyrudof.OutputFormat.Turtle)

print("âœ“ Configuration created")
print(f"  Entity count: {config.get_entity_count()}")
print(f"  Output path: {config.get_output_path()}")
------------------


[31m---------------------------------------------------------------------------[39m
[31mAttributeError[39m                            Traceback (most recent call last)
[36mCell[39m[36m [39m[32mIn[3][39m[32m, line 2[39m
[32m      1[39m [38;5;66;03m# Create a basic configuration[39;00m
[32m----> [39m[32m2[39m config = [43mpyrudof[49m[43m.[49m[43mGeneratorConfig[49m()
[32m      4[39m [38;5;66;03m# Set the number of entities to generate[39;00m
[32m      5[39m config.set_entity_count([32m10[39m)

[31mAttributeError[39m: module 'pyrudof' has no attribute 'GeneratorConfig'

